  main.cpp
C:\proj\3D bouncing ball\3D bouncing ball\main.cpp(38,21): warning C4305: 'initializing': truncation from 'double' to 'float'
C:\proj\3D bouncing ball\3D bouncing ball\main.cpp(107,34): warning C4244: '-=': conversion from 'double' to 'float', possible loss of data
C:\proj\3D bouncing ball\3D bouncing ball\main.cpp(276,29): warning C4244: '+=': conversion from 'double' to 'float', possible loss of data
C:\proj\3D bouncing ball\3D bouncing ball\main.cpp(393,38): warning C4267: 'initializing': conversion from 'size_t' to 'int', possible loss of data
C:\proj\3D bouncing ball\3D bouncing ball\main.cpp(404,35): warning C4267: 'initializing': conversion from 'size_t' to 'int', possible loss of data
C:\proj\3D bouncing ball\3D bouncing ball\main.cpp(405,40): warning C4267: 'initializing': conversion from 'size_t' to 'int', possible loss of data
C:\proj\3D bouncing ball\3D bouncing ball\main.cpp(705,18): warning C4244: 'initializing': conversion from '_Rep' to 'float', possible loss of data
          with
          [
              _Rep=__int64
          ]
glfw3.lib(init.obj) : warning LNK4099: PDB 'glfw3.pdb' was not found with 'glfw3.lib(init.obj)' or at 'C:\proj\3D bouncing ball\x64\Debug\glfw3.pdb'; linking object as if no debug info
glfw3.lib(window.obj) : warning LNK4099: PDB 'glfw3.pdb' was not found with 'glfw3.lib(window.obj)' or at 'C:\proj\3D bouncing ball\x64\Debug\glfw3.pdb'; linking object as if no debug info
glfw3.lib(input.obj) : warning LNK4099: PDB 'glfw3.pdb' was not found with 'glfw3.lib(input.obj)' or at 'C:\proj\3D bouncing ball\x64\Debug\glfw3.pdb'; linking object as if no debug info
glfw3.lib(context.obj) : warning LNK4099: PDB 'glfw3.pdb' was not found with 'glfw3.lib(context.obj)' or at 'C:\proj\3D bouncing ball\x64\Debug\glfw3.pdb'; linking object as if no debug info
glfw3.lib(win32_init.obj) : warning LNK4099: PDB 'glfw3.pdb' was not found with 'glfw3.lib(win32_init.obj)' or at 'C:\proj\3D bouncing ball\x64\Debug\glfw3.pdb'; linking object as if no debug info
glfw3.lib(win32_monitor.obj) : warning LNK4099: PDB 'glfw3.pdb' was not found with 'glfw3.lib(win32_monitor.obj)' or at 'C:\proj\3D bouncing ball\x64\Debug\glfw3.pdb'; linking object as if no debug info
glfw3.lib(win32_time.obj) : warning LNK4099: PDB 'glfw3.pdb' was not found with 'glfw3.lib(win32_time.obj)' or at 'C:\proj\3D bouncing ball\x64\Debug\glfw3.pdb'; linking object as if no debug info
glfw3.lib(win32_thread.obj) : warning LNK4099: PDB 'glfw3.pdb' was not found with 'glfw3.lib(win32_thread.obj)' or at 'C:\proj\3D bouncing ball\x64\Debug\glfw3.pdb'; linking object as if no debug info
glfw3.lib(monitor.obj) : warning LNK4099: PDB 'glfw3.pdb' was not found with 'glfw3.lib(monitor.obj)' or at 'C:\proj\3D bouncing ball\x64\Debug\glfw3.pdb'; linking object as if no debug info
glfw3.lib(vulkan.obj) : warning LNK4099: PDB 'glfw3.pdb' was not found with 'glfw3.lib(vulkan.obj)' or at 'C:\proj\3D bouncing ball\x64\Debug\glfw3.pdb'; linking object as if no debug info
glfw3.lib(win32_window.obj) : warning LNK4099: PDB 'glfw3.pdb' was not found with 'glfw3.lib(win32_window.obj)' or at 'C:\proj\3D bouncing ball\x64\Debug\glfw3.pdb'; linking object as if no debug info
glfw3.lib(win32_joystick.obj) : warning LNK4099: PDB 'glfw3.pdb' was not found with 'glfw3.lib(win32_joystick.obj)' or at 'C:\proj\3D bouncing ball\x64\Debug\glfw3.pdb'; linking object as if no debug info
glfw3.lib(wgl_context.obj) : warning LNK4099: PDB 'glfw3.pdb' was not found with 'glfw3.lib(wgl_context.obj)' or at 'C:\proj\3D bouncing ball\x64\Debug\glfw3.pdb'; linking object as if no debug info
glfw3.lib(egl_context.obj) : warning LNK4099: PDB 'glfw3.pdb' was not found with 'glfw3.lib(egl_context.obj)' or at 'C:\proj\3D bouncing ball\x64\Debug\glfw3.pdb'; linking object as if no debug info
glfw3.lib(osmesa_context.obj) : warning LNK4099: PDB 'glfw3.pdb' was not found with 'glfw3.lib(osmesa_context.obj)' or at 'C:\proj\3D bouncing ball\x64\Debug\glfw3.pdb'; linking object as if no debug info
  3D bouncing ball.vcxproj -> C:\proj\3D bouncing ball\x64\Debug\3D bouncing ball.exe
